<?xml version="1.0" encoding="UTF-8"?>
<!-- Generated by org.testng.reporters.JUnitXMLReporter -->
<testsuite ignored="0" hostname="ctxresw20h2v046" failures="0" tests="3" name="Default test" time="18.024" errors="0" timestamp="2023-11-02T22:59:20 IST">
  <testcase classname="com.miniproject.ComprehensiveAssignment.TestNG" name="click" time="3.714"/>
  <testcase classname="com.miniproject.ComprehensiveAssignment.TestNG" name="elementclickable" time="8.883"/>
  <testcase classname="com.miniproject.ComprehensiveAssignment.TestNG" name="logo" time="2.709"/>
</testsuite> <!-- Default test -->
