<?xml version="1.0" encoding="UTF-8"?>
<!-- Generated by org.testng.reporters.JUnitXMLReporter -->
<testsuite ignored="0" hostname="ctxresw20h2v046" failures="0" tests="3" name="Test" time="17.401" errors="0" timestamp="2023-11-02T22:50:23 IST">
  <testcase classname="com.miniproject.ComprehensiveAssignment.TestNG" name="click" time="3.68"/>
  <testcase classname="com.miniproject.ComprehensiveAssignment.TestNG" name="elementclickable" time="8.311"/>
  <testcase classname="com.miniproject.ComprehensiveAssignment.TestNG" name="logo" time="2.599"/>
</testsuite> <!-- Test -->
