<?xml version="1.0" encoding="UTF-8"?>
<testng-results ignored="0" total="3" passed="3" failed="0" skipped="0">
  <reporter-output>
  </reporter-output>
  <suite started-at="2023-11-02T22:59:02 IST" name="Default suite" finished-at="2023-11-02T22:59:20 IST" duration-ms="18024">
    <groups>
    </groups>
    <test started-at="2023-11-02T22:59:02 IST" name="Default test" finished-at="2023-11-02T22:59:20 IST" duration-ms="18024">
      <class name="com.miniproject.ComprehensiveAssignment.TestNG">
        <test-method is-config="true" signature="browser()[pri:0, instance:com.miniproject.ComprehensiveAssignment.TestNG@942a29c]" started-at="2023-11-02T22:59:02 IST" name="browser" finished-at="2023-11-02T22:59:04 IST" duration-ms="2255" status="PASS">
          <reporter-output>
          </reporter-output>
        </test-method> <!-- browser -->
        <test-method signature="click()[pri:0, instance:com.miniproject.ComprehensiveAssignment.TestNG@942a29c]" started-at="2023-11-02T22:59:04 IST" name="click" finished-at="2023-11-02T22:59:08 IST" duration-ms="3714" status="PASS">
          <reporter-output>
          </reporter-output>
        </test-method> <!-- click -->
        <test-method signature="elementclickable()[pri:0, instance:com.miniproject.ComprehensiveAssignment.TestNG@942a29c]" started-at="2023-11-02T22:59:08 IST" name="elementclickable" finished-at="2023-11-02T22:59:16 IST" duration-ms="8883" status="PASS">
          <reporter-output>
          </reporter-output>
        </test-method> <!-- elementclickable -->
        <test-method signature="logo()[pri:0, instance:com.miniproject.ComprehensiveAssignment.TestNG@942a29c]" started-at="2023-11-02T22:59:16 IST" name="logo" finished-at="2023-11-02T22:59:19 IST" duration-ms="2709" status="PASS">
          <reporter-output>
          </reporter-output>
        </test-method> <!-- logo -->
        <test-method is-config="true" signature="close()[pri:0, instance:com.miniproject.ComprehensiveAssignment.TestNG@942a29c]" started-at="2023-11-02T22:59:19 IST" name="close" finished-at="2023-11-02T22:59:20 IST" duration-ms="387" status="PASS">
          <reporter-output>
          </reporter-output>
        </test-method> <!-- close -->
      </class> <!-- com.miniproject.ComprehensiveAssignment.TestNG -->
    </test> <!-- Default test -->
  </suite> <!-- Default suite -->
</testng-results>
